----------------------------------------------
URGE
SHADER COMPILER DEBUG INFO
----------------------------------------------
OpenGL Version: 3.3
Using GLSL native routines. 

----------------------------------------------
Vertex Log:
----------------------------------------------
No errors.

----------------------------------------------
Pixel Log:
----------------------------------------------
WARNING: 42:1: 'assing' : implict conversion between types allowed from GLSL 1.20 
WARNING: 42:1: 'assing' : implict conversion between types allowed from GLSL 1.20 
WARNING: 42:1: 'assing' : implict conversion between types allowed from GLSL 1.20 

No errors.

GL Warning: operação inválida
----------------------------------------------
Linkage Log:
----------------------------------------------

The shader has been compiled and linked with Success.


----------------------------------------------
Attribute Debugs:
----------------------------------------------
attribute 0: 
name: gl_MultiTexCoord0
length: 17
size: 1
type:vec4
-----
attribute 1: 
name: gl_Vertex
length: 9
size: 1
type:vec4
-----
-
